<?xml version="1.0" encoding="UTF-8" ?>
<testsuite errors="0" failures="1" hostname="falblawi" name="com.example.QuoteTests" tests="1" time="1.014" timestamp="2012-03-27T10:55:36">
  <properties />
  <testcase classname="com.example.QuoteTests" name="testSomething" time="1.014">
    <failure message="java.lang.AssertionError: Implement me" type="junit.framework.AssertionFailedError">junit.framework.AssertionFailedError: java.lang.AssertionError: Implement me
	at com.example.QuoteTests.testSomething(QuoteTests.groovy:15)
</failure>
  </testcase>
  <system-out><![CDATA[--Output from testSomething--
]]></system-out>
  <system-err><![CDATA[--Output from testSomething--
]]></system-err>
</testsuite>
