<?xml version="1.0" encoding="UTF-8" ?>
<testsuite errors="0" failures="1" hostname="falblawi" name="com.example.QuoteServiceTests" tests="1" time="0.468" timestamp="2012-03-27T10:55:35">
  <properties />
  <testcase classname="com.example.QuoteServiceTests" name="testSomething" time="0.062">
    <failure message="java.lang.AssertionError: Implement me" type="junit.framework.AssertionFailedError">junit.framework.AssertionFailedError: java.lang.AssertionError: Implement me
	at com.example.QuoteServiceTests.testSomething(QuoteServiceTests.groovy:15)
</failure>
  </testcase>
  <system-out><![CDATA[--Output from testSomething--
]]></system-out>
  <system-err><![CDATA[--Output from testSomething--
]]></system-err>
</testsuite>
