Testsuite: com.example.QuoteControllerTests
Tests run: 1, Failures: 1, Errors: 0, Time elapsed: 2.886 sec
------------- Standard Output ---------------
--Output from testSomething--
------------- ---------------- ---------------
------------- Standard Error -----------------
--Output from testSomething--
------------- ---------------- ---------------

Testcase: testSomething took 2.714 sec
	FAILED
java.lang.AssertionError: Implement me
junit.framework.AssertionFailedError: java.lang.AssertionError: Implement me
	at com.example.QuoteControllerTests.testSomething(QuoteControllerTests.groovy:15)

