Testsuite: com.example.QuoteServiceIntegrationTests
Tests run: 1, Failures: 1, Errors: 0, Time elapsed: 0.312 sec
------------- Standard Output ---------------
--Output from testSomething--
------------- ---------------- ---------------
------------- Standard Error -----------------
--Output from testSomething--
------------- ---------------- ---------------

Testcase: testSomething took 0.312 sec
	FAILED
java.lang.AssertionError: Implement me
junit.framework.AssertionFailedError: java.lang.AssertionError: Implement me
	at com.example.QuoteServiceIntegrationTests.testSomething(QuoteServiceIntegrationTests.groovy:20)

